INFO:werkzeug:127.0.0.1 - - [20/May/2023 12:49:30] "POST /logDetails HTTP/1.1" 200 -
INFO:werkzeug: * Running on http://127.0.0.1:5001/ (Press CTRL+C to quit)
INFO:werkzeug:127.0.0.1 - - [20/May/2023 12:49:32] "POST /logDetails HTTP/1.1" 200 -
INFO:werkzeug:127.0.0.1 - - [20/May/2023 12:49:34] "POST /logDetails HTTP/1.1" 200 -
INFO:werkzeug:127.0.0.1 - - [20/May/2023 12:49:45] "GET /nodeDetails HTTP/1.1" 200 -
INFO:werkzeug:127.0.0.1 - - [20/May/2023 12:49:46] "GET /nodeDetails HTTP/1.1" 200 -
INFO:werkzeug:127.0.0.1 - - [20/May/2023 12:49:47] "GET /nodeDetails HTTP/1.1" 200 -
INFO:werkzeug:127.0.0.1 - - [20/May/2023 12:49:47] "GET /nodeDetails HTTP/1.1" 200 -
INFO:websockets.server:server listening on 127.0.0.1:8001
INFO:werkzeug:127.0.0.1 - - [20/May/2023 12:49:48] "GET /nodeDetails HTTP/1.1" 200 -
INFO:websockets.server:connection failed (400 Bad Request)
INFO:websockets.server:connection closed
INFO:werkzeug:127.0.0.1 - - [20/May/2023 12:49:49] "GET /nodeDetails HTTP/1.1" 200 -
INFO:websockets.server:connection failed (400 Bad Request)
INFO:websockets.server:connection closed
INFO:werkzeug:127.0.0.1 - - [20/May/2023 12:49:58] "GET /nodeDetails HTTP/1.1" 200 -
INFO:werkzeug:127.0.0.1 - - [20/May/2023 12:49:59] "GET /nodeDetails HTTP/1.1" 200 -
INFO:werkzeug:127.0.0.1 - - [20/May/2023 12:50:03] "GET /nodeDetails HTTP/1.1" 200 -
INFO:werkzeug:127.0.0.1 - - [20/May/2023 12:50:03] "POST /announce HTTP/1.1" 200 -
INFO:werkzeug:127.0.0.1 - - [20/May/2023 12:50:03] "GET /nodeDetails HTTP/1.1" 200 -
INFO:werkzeug:127.0.0.1 - - [20/May/2023 12:50:08] "GET /nodeDetails HTTP/1.1" 200 -
INFO:websockets.server:connection failed (400 Bad Request)
INFO:websockets.server:connection closed
INFO:werkzeug:127.0.0.1 - - [20/May/2023 12:50:14] "GET /nodeDetails HTTP/1.1" 200 -
INFO:werkzeug:127.0.0.1 - - [20/May/2023 12:50:18] "GET /nodeDetails HTTP/1.1" 200 -
INFO:werkzeug:127.0.0.1 - - [20/May/2023 12:50:18] "GET /nodeDetails HTTP/1.1" 200 -
INFO:werkzeug:127.0.0.1 - - [20/May/2023 12:50:18] "POST /announce HTTP/1.1" 200 -
INFO:werkzeug:127.0.0.1 - - [20/May/2023 12:50:18] "GET /nodeDetails HTTP/1.1" 200 -
INFO:werkzeug:127.0.0.1 - - [20/May/2023 12:50:23] "GET /nodeDetails HTTP/1.1" 200 -
INFO:websockets.server:connection open
INFO:werkzeug:127.0.0.1 - - [20/May/2023 12:50:38] "GET /nodeDetails HTTP/1.1" 200 -
INFO:werkzeug:127.0.0.1 - - [20/May/2023 12:51:05] "POST /announce_found HTTP/1.1" 200 -
ERROR:websockets.server:connection handler failed
Traceback (most recent call last):
  File "/home/atl/anaconda3/lib/python3.9/site-packages/websockets/legacy/server.py", line 240, in handler
    await self.ws_handler(self)
  File "/home/atl/anaconda3/lib/python3.9/site-packages/websockets/legacy/server.py", line 1186, in _ws_handler
    return await cast(
  File "/Projects/password_crack/test.py", line 116, in handler
    await websocket.send(f"{reply}")
  File "/home/atl/anaconda3/lib/python3.9/site-packages/websockets/legacy/protocol.py", line 647, in send
    await self.write_frame(True, opcode, data)
  File "/home/atl/anaconda3/lib/python3.9/site-packages/websockets/legacy/protocol.py", line 1205, in write_frame
    await self.drain()
  File "/home/atl/anaconda3/lib/python3.9/site-packages/websockets/legacy/protocol.py", line 1194, in drain
    await self.ensure_open()
  File "/home/atl/anaconda3/lib/python3.9/site-packages/websockets/legacy/protocol.py", line 935, in ensure_open
    raise self.connection_closed_exc()
websockets.exceptions.ConnectionClosedError: no close frame received or sent
INFO:websockets.server:connection closed
INFO:websockets.server:connection open
INFO:websockets.server:connection open
INFO:websockets.server:connection open
INFO:websockets.server:connection open
INFO:websockets.server:connection open
ERROR:websockets.server:connection handler failed
Traceback (most recent call last):
  File "/home/atl/anaconda3/lib/python3.9/site-packages/websockets/legacy/protocol.py", line 959, in transfer_data
    message = await self.read_message()
  File "/home/atl/anaconda3/lib/python3.9/site-packages/websockets/legacy/protocol.py", line 1029, in read_message
    frame = await self.read_data_frame(max_size=self.max_size)
  File "/home/atl/anaconda3/lib/python3.9/site-packages/websockets/legacy/protocol.py", line 1104, in read_data_frame
    frame = await self.read_frame(max_size)
  File "/home/atl/anaconda3/lib/python3.9/site-packages/websockets/legacy/protocol.py", line 1161, in read_frame
    frame = await Frame.read(
  File "/home/atl/anaconda3/lib/python3.9/site-packages/websockets/legacy/framing.py", line 68, in read
    data = await reader(2)
  File "/home/atl/anaconda3/lib/python3.9/asyncio/streams.py", line 721, in readexactly
    raise exceptions.IncompleteReadError(incomplete, n)
asyncio.exceptions.IncompleteReadError: 0 bytes read on a total of 2 expected bytes

The above exception was the direct cause of the following exception:

Traceback (most recent call last):
  File "/home/atl/anaconda3/lib/python3.9/site-packages/websockets/legacy/server.py", line 240, in handler
    await self.ws_handler(self)
  File "/home/atl/anaconda3/lib/python3.9/site-packages/websockets/legacy/server.py", line 1186, in _ws_handler
    return await cast(
  File "/Projects/password_crack/test.py", line 100, in handler
    data = await websocket.recv()
  File "/home/atl/anaconda3/lib/python3.9/site-packages/websockets/legacy/protocol.py", line 568, in recv
    await self.ensure_open()
  File "/home/atl/anaconda3/lib/python3.9/site-packages/websockets/legacy/protocol.py", line 935, in ensure_open
    raise self.connection_closed_exc()
websockets.exceptions.ConnectionClosedError: no close frame received or sent
INFO:websockets.server:connection closed
ERROR:websockets.server:connection handler failed
Traceback (most recent call last):
  File "/home/atl/anaconda3/lib/python3.9/site-packages/websockets/legacy/protocol.py", line 959, in transfer_data
    message = await self.read_message()
  File "/home/atl/anaconda3/lib/python3.9/site-packages/websockets/legacy/protocol.py", line 1029, in read_message
    frame = await self.read_data_frame(max_size=self.max_size)
  File "/home/atl/anaconda3/lib/python3.9/site-packages/websockets/legacy/protocol.py", line 1104, in read_data_frame
    frame = await self.read_frame(max_size)
  File "/home/atl/anaconda3/lib/python3.9/site-packages/websockets/legacy/protocol.py", line 1161, in read_frame
    frame = await Frame.read(
  File "/home/atl/anaconda3/lib/python3.9/site-packages/websockets/legacy/framing.py", line 68, in read
    data = await reader(2)
  File "/home/atl/anaconda3/lib/python3.9/asyncio/streams.py", line 721, in readexactly
    raise exceptions.IncompleteReadError(incomplete, n)
asyncio.exceptions.IncompleteReadError: 0 bytes read on a total of 2 expected bytes

The above exception was the direct cause of the following exception:

Traceback (most recent call last):
  File "/home/atl/anaconda3/lib/python3.9/site-packages/websockets/legacy/server.py", line 240, in handler
    await self.ws_handler(self)
  File "/home/atl/anaconda3/lib/python3.9/site-packages/websockets/legacy/server.py", line 1186, in _ws_handler
    return await cast(
  File "/Projects/password_crack/test.py", line 100, in handler
    data = await websocket.recv()
  File "/home/atl/anaconda3/lib/python3.9/site-packages/websockets/legacy/protocol.py", line 568, in recv
    await self.ensure_open()
  File "/home/atl/anaconda3/lib/python3.9/site-packages/websockets/legacy/protocol.py", line 935, in ensure_open
    raise self.connection_closed_exc()
websockets.exceptions.ConnectionClosedError: no close frame received or sent
INFO:websockets.server:connection closed
ERROR:websockets.server:connection handler failed
Traceback (most recent call last):
  File "/home/atl/anaconda3/lib/python3.9/site-packages/websockets/legacy/protocol.py", line 959, in transfer_data
    message = await self.read_message()
  File "/home/atl/anaconda3/lib/python3.9/site-packages/websockets/legacy/protocol.py", line 1029, in read_message
    frame = await self.read_data_frame(max_size=self.max_size)
  File "/home/atl/anaconda3/lib/python3.9/site-packages/websockets/legacy/protocol.py", line 1104, in read_data_frame
    frame = await self.read_frame(max_size)
  File "/home/atl/anaconda3/lib/python3.9/site-packages/websockets/legacy/protocol.py", line 1161, in read_frame
    frame = await Frame.read(
  File "/home/atl/anaconda3/lib/python3.9/site-packages/websockets/legacy/framing.py", line 68, in read
    data = await reader(2)
  File "/home/atl/anaconda3/lib/python3.9/asyncio/streams.py", line 721, in readexactly
    raise exceptions.IncompleteReadError(incomplete, n)
asyncio.exceptions.IncompleteReadError: 0 bytes read on a total of 2 expected bytes

The above exception was the direct cause of the following exception:

Traceback (most recent call last):
  File "/home/atl/anaconda3/lib/python3.9/site-packages/websockets/legacy/server.py", line 240, in handler
    await self.ws_handler(self)
  File "/home/atl/anaconda3/lib/python3.9/site-packages/websockets/legacy/server.py", line 1186, in _ws_handler
    return await cast(
  File "/Projects/password_crack/test.py", line 100, in handler
    data = await websocket.recv()
  File "/home/atl/anaconda3/lib/python3.9/site-packages/websockets/legacy/protocol.py", line 568, in recv
    await self.ensure_open()
  File "/home/atl/anaconda3/lib/python3.9/site-packages/websockets/legacy/protocol.py", line 935, in ensure_open
    raise self.connection_closed_exc()
websockets.exceptions.ConnectionClosedError: no close frame received or sent
INFO:websockets.server:connection closed
INFO:werkzeug:127.0.0.1 - - [20/May/2023 12:52:23] "POST /announce_found HTTP/1.1" 200 -
ERROR:websockets.server:connection handler failed
Traceback (most recent call last):
  File "/home/atl/anaconda3/lib/python3.9/site-packages/websockets/legacy/server.py", line 240, in handler
    await self.ws_handler(self)
  File "/home/atl/anaconda3/lib/python3.9/site-packages/websockets/legacy/server.py", line 1186, in _ws_handler
    return await cast(
  File "/Projects/password_crack/test.py", line 116, in handler
    await websocket.send(f"{reply}")
  File "/home/atl/anaconda3/lib/python3.9/site-packages/websockets/legacy/protocol.py", line 647, in send
    await self.write_frame(True, opcode, data)
  File "/home/atl/anaconda3/lib/python3.9/site-packages/websockets/legacy/protocol.py", line 1205, in write_frame
    await self.drain()
  File "/home/atl/anaconda3/lib/python3.9/site-packages/websockets/legacy/protocol.py", line 1194, in drain
    await self.ensure_open()
  File "/home/atl/anaconda3/lib/python3.9/site-packages/websockets/legacy/protocol.py", line 935, in ensure_open
    raise self.connection_closed_exc()
websockets.exceptions.ConnectionClosedError: no close frame received or sent
INFO:websockets.server:connection closed
INFO:werkzeug:127.0.0.1 - - [20/May/2023 12:54:18] "POST /announce_found HTTP/1.1" 200 -
ERROR:websockets.server:connection handler failed
Traceback (most recent call last):
  File "/home/atl/anaconda3/lib/python3.9/site-packages/websockets/legacy/server.py", line 240, in handler
    await self.ws_handler(self)
  File "/home/atl/anaconda3/lib/python3.9/site-packages/websockets/legacy/server.py", line 1186, in _ws_handler
    return await cast(
  File "/Projects/password_crack/test.py", line 116, in handler
    await websocket.send(f"{reply}")
  File "/home/atl/anaconda3/lib/python3.9/site-packages/websockets/legacy/protocol.py", line 647, in send
    await self.write_frame(True, opcode, data)
  File "/home/atl/anaconda3/lib/python3.9/site-packages/websockets/legacy/protocol.py", line 1205, in write_frame
    await self.drain()
  File "/home/atl/anaconda3/lib/python3.9/site-packages/websockets/legacy/protocol.py", line 1194, in drain
    await self.ensure_open()
  File "/home/atl/anaconda3/lib/python3.9/site-packages/websockets/legacy/protocol.py", line 935, in ensure_open
    raise self.connection_closed_exc()
websockets.exceptions.ConnectionClosedError: no close frame received or sent
INFO:websockets.server:connection closed
INFO:websockets.server:connection open
INFO:websockets.server:connection open
INFO:websockets.server:connection open
INFO:websockets.server:connection open
INFO:websockets.server:connection open
INFO:websockets.server:connection open
INFO:websockets.server:connection open
ERROR:websockets.server:connection handler failed
Traceback (most recent call last):
  File "/home/atl/anaconda3/lib/python3.9/site-packages/websockets/legacy/protocol.py", line 959, in transfer_data
    message = await self.read_message()
  File "/home/atl/anaconda3/lib/python3.9/site-packages/websockets/legacy/protocol.py", line 1029, in read_message
    frame = await self.read_data_frame(max_size=self.max_size)
  File "/home/atl/anaconda3/lib/python3.9/site-packages/websockets/legacy/protocol.py", line 1104, in read_data_frame
    frame = await self.read_frame(max_size)
  File "/home/atl/anaconda3/lib/python3.9/site-packages/websockets/legacy/protocol.py", line 1161, in read_frame
    frame = await Frame.read(
  File "/home/atl/anaconda3/lib/python3.9/site-packages/websockets/legacy/framing.py", line 68, in read
    data = await reader(2)
  File "/home/atl/anaconda3/lib/python3.9/asyncio/streams.py", line 721, in readexactly
    raise exceptions.IncompleteReadError(incomplete, n)
asyncio.exceptions.IncompleteReadError: 0 bytes read on a total of 2 expected bytes

The above exception was the direct cause of the following exception:

Traceback (most recent call last):
  File "/home/atl/anaconda3/lib/python3.9/site-packages/websockets/legacy/server.py", line 240, in handler
    await self.ws_handler(self)
  File "/home/atl/anaconda3/lib/python3.9/site-packages/websockets/legacy/server.py", line 1186, in _ws_handler
    return await cast(
  File "/Projects/password_crack/test.py", line 100, in handler
    data = await websocket.recv()
  File "/home/atl/anaconda3/lib/python3.9/site-packages/websockets/legacy/protocol.py", line 568, in recv
    await self.ensure_open()
  File "/home/atl/anaconda3/lib/python3.9/site-packages/websockets/legacy/protocol.py", line 935, in ensure_open
    raise self.connection_closed_exc()
websockets.exceptions.ConnectionClosedError: no close frame received or sent
INFO:websockets.server:connection closed
ERROR:websockets.server:connection handler failed
Traceback (most recent call last):
  File "/home/atl/anaconda3/lib/python3.9/site-packages/websockets/legacy/protocol.py", line 959, in transfer_data
    message = await self.read_message()
  File "/home/atl/anaconda3/lib/python3.9/site-packages/websockets/legacy/protocol.py", line 1029, in read_message
    frame = await self.read_data_frame(max_size=self.max_size)
  File "/home/atl/anaconda3/lib/python3.9/site-packages/websockets/legacy/protocol.py", line 1104, in read_data_frame
    frame = await self.read_frame(max_size)
  File "/home/atl/anaconda3/lib/python3.9/site-packages/websockets/legacy/protocol.py", line 1161, in read_frame
    frame = await Frame.read(
  File "/home/atl/anaconda3/lib/python3.9/site-packages/websockets/legacy/framing.py", line 68, in read
    data = await reader(2)
  File "/home/atl/anaconda3/lib/python3.9/asyncio/streams.py", line 721, in readexactly
    raise exceptions.IncompleteReadError(incomplete, n)
asyncio.exceptions.IncompleteReadError: 0 bytes read on a total of 2 expected bytes

The above exception was the direct cause of the following exception:

Traceback (most recent call last):
  File "/home/atl/anaconda3/lib/python3.9/site-packages/websockets/legacy/server.py", line 240, in handler
    await self.ws_handler(self)
  File "/home/atl/anaconda3/lib/python3.9/site-packages/websockets/legacy/server.py", line 1186, in _ws_handler
    return await cast(
  File "/Projects/password_crack/test.py", line 100, in handler
    data = await websocket.recv()
  File "/home/atl/anaconda3/lib/python3.9/site-packages/websockets/legacy/protocol.py", line 568, in recv
    await self.ensure_open()
  File "/home/atl/anaconda3/lib/python3.9/site-packages/websockets/legacy/protocol.py", line 935, in ensure_open
    raise self.connection_closed_exc()
websockets.exceptions.ConnectionClosedError: no close frame received or sent
INFO:websockets.server:connection closed
ERROR:websockets.server:connection handler failed
Traceback (most recent call last):
  File "/home/atl/anaconda3/lib/python3.9/site-packages/websockets/legacy/protocol.py", line 959, in transfer_data
    message = await self.read_message()
  File "/home/atl/anaconda3/lib/python3.9/site-packages/websockets/legacy/protocol.py", line 1029, in read_message
    frame = await self.read_data_frame(max_size=self.max_size)
  File "/home/atl/anaconda3/lib/python3.9/site-packages/websockets/legacy/protocol.py", line 1104, in read_data_frame
    frame = await self.read_frame(max_size)
  File "/home/atl/anaconda3/lib/python3.9/site-packages/websockets/legacy/protocol.py", line 1161, in read_frame
    frame = await Frame.read(
  File "/home/atl/anaconda3/lib/python3.9/site-packages/websockets/legacy/framing.py", line 68, in read
    data = await reader(2)
  File "/home/atl/anaconda3/lib/python3.9/asyncio/streams.py", line 721, in readexactly
    raise exceptions.IncompleteReadError(incomplete, n)
asyncio.exceptions.IncompleteReadError: 0 bytes read on a total of 2 expected bytes

The above exception was the direct cause of the following exception:

Traceback (most recent call last):
  File "/home/atl/anaconda3/lib/python3.9/site-packages/websockets/legacy/server.py", line 240, in handler
    await self.ws_handler(self)
  File "/home/atl/anaconda3/lib/python3.9/site-packages/websockets/legacy/server.py", line 1186, in _ws_handler
    return await cast(
  File "/Projects/password_crack/test.py", line 100, in handler
    data = await websocket.recv()
  File "/home/atl/anaconda3/lib/python3.9/site-packages/websockets/legacy/protocol.py", line 568, in recv
    await self.ensure_open()
  File "/home/atl/anaconda3/lib/python3.9/site-packages/websockets/legacy/protocol.py", line 935, in ensure_open
    raise self.connection_closed_exc()
websockets.exceptions.ConnectionClosedError: no close frame received or sent
INFO:websockets.server:connection closed
ERROR:websockets.server:connection handler failed
Traceback (most recent call last):
  File "/home/atl/anaconda3/lib/python3.9/site-packages/websockets/legacy/protocol.py", line 959, in transfer_data
    message = await self.read_message()
  File "/home/atl/anaconda3/lib/python3.9/site-packages/websockets/legacy/protocol.py", line 1029, in read_message
    frame = await self.read_data_frame(max_size=self.max_size)
  File "/home/atl/anaconda3/lib/python3.9/site-packages/websockets/legacy/protocol.py", line 1104, in read_data_frame
    frame = await self.read_frame(max_size)
  File "/home/atl/anaconda3/lib/python3.9/site-packages/websockets/legacy/protocol.py", line 1161, in read_frame
    frame = await Frame.read(
  File "/home/atl/anaconda3/lib/python3.9/site-packages/websockets/legacy/framing.py", line 68, in read
    data = await reader(2)
  File "/home/atl/anaconda3/lib/python3.9/asyncio/streams.py", line 721, in readexactly
    raise exceptions.IncompleteReadError(incomplete, n)
asyncio.exceptions.IncompleteReadError: 0 bytes read on a total of 2 expected bytes

The above exception was the direct cause of the following exception:

Traceback (most recent call last):
  File "/home/atl/anaconda3/lib/python3.9/site-packages/websockets/legacy/server.py", line 240, in handler
    await self.ws_handler(self)
  File "/home/atl/anaconda3/lib/python3.9/site-packages/websockets/legacy/server.py", line 1186, in _ws_handler
    return await cast(
  File "/Projects/password_crack/test.py", line 100, in handler
    data = await websocket.recv()
  File "/home/atl/anaconda3/lib/python3.9/site-packages/websockets/legacy/protocol.py", line 568, in recv
    await self.ensure_open()
  File "/home/atl/anaconda3/lib/python3.9/site-packages/websockets/legacy/protocol.py", line 935, in ensure_open
    raise self.connection_closed_exc()
websockets.exceptions.ConnectionClosedError: no close frame received or sent
INFO:websockets.server:connection closed
ERROR:websockets.server:connection handler failed
Traceback (most recent call last):
  File "/home/atl/anaconda3/lib/python3.9/site-packages/websockets/legacy/protocol.py", line 959, in transfer_data
    message = await self.read_message()
  File "/home/atl/anaconda3/lib/python3.9/site-packages/websockets/legacy/protocol.py", line 1029, in read_message
    frame = await self.read_data_frame(max_size=self.max_size)
  File "/home/atl/anaconda3/lib/python3.9/site-packages/websockets/legacy/protocol.py", line 1104, in read_data_frame
    frame = await self.read_frame(max_size)
  File "/home/atl/anaconda3/lib/python3.9/site-packages/websockets/legacy/protocol.py", line 1161, in read_frame
    frame = await Frame.read(
  File "/home/atl/anaconda3/lib/python3.9/site-packages/websockets/legacy/framing.py", line 68, in read
    data = await reader(2)
  File "/home/atl/anaconda3/lib/python3.9/asyncio/streams.py", line 721, in readexactly
    raise exceptions.IncompleteReadError(incomplete, n)
asyncio.exceptions.IncompleteReadError: 0 bytes read on a total of 2 expected bytes

The above exception was the direct cause of the following exception:

Traceback (most recent call last):
  File "/home/atl/anaconda3/lib/python3.9/site-packages/websockets/legacy/server.py", line 240, in handler
    await self.ws_handler(self)
  File "/home/atl/anaconda3/lib/python3.9/site-packages/websockets/legacy/server.py", line 1186, in _ws_handler
    return await cast(
  File "/Projects/password_crack/test.py", line 100, in handler
    data = await websocket.recv()
  File "/home/atl/anaconda3/lib/python3.9/site-packages/websockets/legacy/protocol.py", line 568, in recv
    await self.ensure_open()
  File "/home/atl/anaconda3/lib/python3.9/site-packages/websockets/legacy/protocol.py", line 935, in ensure_open
    raise self.connection_closed_exc()
websockets.exceptions.ConnectionClosedError: no close frame received or sent
INFO:websockets.server:connection closed
ERROR:websockets.server:connection handler failed
Traceback (most recent call last):
  File "/home/atl/anaconda3/lib/python3.9/site-packages/websockets/legacy/protocol.py", line 959, in transfer_data
    message = await self.read_message()
  File "/home/atl/anaconda3/lib/python3.9/site-packages/websockets/legacy/protocol.py", line 1029, in read_message
    frame = await self.read_data_frame(max_size=self.max_size)
  File "/home/atl/anaconda3/lib/python3.9/site-packages/websockets/legacy/protocol.py", line 1104, in read_data_frame
    frame = await self.read_frame(max_size)
  File "/home/atl/anaconda3/lib/python3.9/site-packages/websockets/legacy/protocol.py", line 1161, in read_frame
    frame = await Frame.read(
  File "/home/atl/anaconda3/lib/python3.9/site-packages/websockets/legacy/framing.py", line 68, in read
    data = await reader(2)
  File "/home/atl/anaconda3/lib/python3.9/asyncio/streams.py", line 721, in readexactly
    raise exceptions.IncompleteReadError(incomplete, n)
asyncio.exceptions.IncompleteReadError: 0 bytes read on a total of 2 expected bytes

The above exception was the direct cause of the following exception:

Traceback (most recent call last):
  File "/home/atl/anaconda3/lib/python3.9/site-packages/websockets/legacy/server.py", line 240, in handler
    await self.ws_handler(self)
  File "/home/atl/anaconda3/lib/python3.9/site-packages/websockets/legacy/server.py", line 1186, in _ws_handler
    return await cast(
  File "/Projects/password_crack/test.py", line 100, in handler
    data = await websocket.recv()
  File "/home/atl/anaconda3/lib/python3.9/site-packages/websockets/legacy/protocol.py", line 568, in recv
    await self.ensure_open()
  File "/home/atl/anaconda3/lib/python3.9/site-packages/websockets/legacy/protocol.py", line 935, in ensure_open
    raise self.connection_closed_exc()
websockets.exceptions.ConnectionClosedError: no close frame received or sent
INFO:websockets.server:connection closed
INFO:werkzeug:127.0.0.1 - - [20/May/2023 12:56:13] "POST /announce_found HTTP/1.1" 200 -
INFO:werkzeug:127.0.0.1 - - [20/May/2023 17:16:36] "POST /logDetails HTTP/1.1" 200 -
INFO:werkzeug: * Running on http://127.0.0.1:5001/ (Press CTRL+C to quit)
INFO:werkzeug:127.0.0.1 - - [20/May/2023 17:16:37] "POST /logDetails HTTP/1.1" 200 -
INFO:werkzeug:127.0.0.1 - - [20/May/2023 17:16:38] "POST /logDetails HTTP/1.1" 200 -
INFO:werkzeug:127.0.0.1 - - [20/May/2023 17:16:51] "GET /nodeDetails HTTP/1.1" 200 -
INFO:werkzeug:127.0.0.1 - - [20/May/2023 17:16:52] "GET /nodeDetails HTTP/1.1" 200 -
INFO:werkzeug:127.0.0.1 - - [20/May/2023 17:16:52] "GET /nodeDetails HTTP/1.1" 200 -
INFO:websockets.server:server listening on 127.0.0.1:8001
INFO:werkzeug:127.0.0.1 - - [20/May/2023 17:16:53] "GET /nodeDetails HTTP/1.1" 200 -
INFO:werkzeug:127.0.0.1 - - [20/May/2023 17:16:53] "GET /nodeDetails HTTP/1.1" 200 -
INFO:websockets.server:connection failed (400 Bad Request)
INFO:websockets.server:connection closed
INFO:werkzeug:127.0.0.1 - - [20/May/2023 17:16:54] "GET /nodeDetails HTTP/1.1" 200 -
INFO:websockets.server:connection failed (400 Bad Request)
INFO:websockets.server:connection closed
INFO:werkzeug:127.0.0.1 - - [20/May/2023 17:17:03] "GET /nodeDetails HTTP/1.1" 200 -
INFO:werkzeug:127.0.0.1 - - [20/May/2023 17:17:04] "GET /nodeDetails HTTP/1.1" 200 -
INFO:werkzeug:127.0.0.1 - - [20/May/2023 17:17:14] "GET /nodeDetails HTTP/1.1" 200 -
INFO:werkzeug:127.0.0.1 - - [20/May/2023 17:17:14] "POST /response HTTP/1.1" 200 -
INFO:werkzeug:127.0.0.1 - - [20/May/2023 17:17:14] "GET /nodeDetails HTTP/1.1" 200 -
INFO:werkzeug:127.0.0.1 - - [20/May/2023 17:17:14] "POST /proxy HTTP/1.1" 200 -
INFO:websockets.server:connection failed (400 Bad Request)
INFO:websockets.server:connection closed
INFO:werkzeug:127.0.0.1 - - [20/May/2023 17:17:14] "GET /nodeDetails HTTP/1.1" 200 -
INFO:werkzeug:127.0.0.1 - - [20/May/2023 17:17:18] "GET /nodeDetails HTTP/1.1" 200 -
INFO:werkzeug:127.0.0.1 - - [20/May/2023 17:17:24] "GET /nodeDetails HTTP/1.1" 200 -
INFO:werkzeug:127.0.0.1 - - [20/May/2023 17:17:24] "GET /nodeDetails HTTP/1.1" 200 -
INFO:werkzeug:127.0.0.1 - - [20/May/2023 17:17:24] "POST /proxy HTTP/1.1" 200 -
INFO:werkzeug:127.0.0.1 - - [20/May/2023 17:17:24] "POST /announce HTTP/1.1" 200 -
INFO:werkzeug:127.0.0.1 - - [20/May/2023 17:17:24] "GET /nodeDetails HTTP/1.1" 200 -
INFO:werkzeug:127.0.0.1 - - [20/May/2023 17:17:44] "GET /nodeDetails HTTP/1.1" 200 -
INFO:werkzeug:127.0.0.1 - - [20/May/2023 17:18:26] "POST /announce_found HTTP/1.1" 200 -
INFO:werkzeug:127.0.0.1 - - [20/May/2023 17:20:08] "POST /announce_found HTTP/1.1" 200 -
INFO:werkzeug:127.0.0.1 - - [20/May/2023 18:17:26] "POST /logDetails HTTP/1.1" 200 -
INFO:werkzeug: * Running on http://127.0.0.1:5001/ (Press CTRL+C to quit)
INFO:werkzeug:127.0.0.1 - - [20/May/2023 18:17:53] "POST /logDetails HTTP/1.1" 200 -
INFO:werkzeug: * Running on http://127.0.0.1:5001/ (Press CTRL+C to quit)
INFO:werkzeug:127.0.0.1 - - [20/May/2023 18:18:08] "GET /nodeDetails HTTP/1.1" 200 -
INFO:werkzeug:127.0.0.1 - - [20/May/2023 18:18:27] "POST /announce HTTP/1.1" 200 -
INFO:werkzeug:127.0.0.1 - - [20/May/2023 18:18:27] "GET /nodeDetails HTTP/1.1" 200 -
INFO:werkzeug:127.0.0.1 - - [20/May/2023 18:20:17] "POST /logDetails HTTP/1.1" 200 -
INFO:werkzeug: * Running on http://127.0.0.1:5001/ (Press CTRL+C to quit)
INFO:werkzeug:127.0.0.1 - - [20/May/2023 18:20:18] "POST /logDetails HTTP/1.1" 200 -
INFO:werkzeug:127.0.0.1 - - [20/May/2023 18:20:19] "POST /logDetails HTTP/1.1" 200 -
INFO:werkzeug:127.0.0.1 - - [20/May/2023 18:20:32] "GET /nodeDetails HTTP/1.1" 200 -
INFO:werkzeug:127.0.0.1 - - [20/May/2023 18:20:33] "GET /nodeDetails HTTP/1.1" 200 -
INFO:websockets.server:server listening on 127.0.0.1:8001
INFO:werkzeug:127.0.0.1 - - [20/May/2023 18:20:33] "GET /nodeDetails HTTP/1.1" 200 -
INFO:werkzeug:127.0.0.1 - - [20/May/2023 18:20:34] "GET /nodeDetails HTTP/1.1" 200 -
INFO:websockets.server:connection failed (400 Bad Request)
INFO:websockets.server:connection closed
INFO:werkzeug:127.0.0.1 - - [20/May/2023 18:20:34] "GET /nodeDetails HTTP/1.1" 200 -
INFO:websockets.server:connection failed (400 Bad Request)
INFO:websockets.server:connection closed
INFO:werkzeug:127.0.0.1 - - [20/May/2023 18:20:34] "GET /nodeDetails HTTP/1.1" 200 -
INFO:werkzeug:127.0.0.1 - - [20/May/2023 18:20:44] "GET /nodeDetails HTTP/1.1" 200 -
INFO:werkzeug:127.0.0.1 - - [20/May/2023 18:20:44] "GET /nodeDetails HTTP/1.1" 200 -
INFO:werkzeug:127.0.0.1 - - [20/May/2023 18:20:52] "GET /nodeDetails HTTP/1.1" 200 -
INFO:websockets.server:connection failed (400 Bad Request)
INFO:websockets.server:connection closed
INFO:werkzeug:127.0.0.1 - - [20/May/2023 18:20:54] "GET /nodeDetails HTTP/1.1" 200 -
INFO:werkzeug:127.0.0.1 - - [20/May/2023 18:20:59] "GET /nodeDetails HTTP/1.1" 200 -
INFO:werkzeug:127.0.0.1 - - [20/May/2023 18:21:02] "GET /nodeDetails HTTP/1.1" 200 -
INFO:werkzeug:127.0.0.1 - - [20/May/2023 18:21:02] "GET /nodeDetails HTTP/1.1" 200 -
INFO:werkzeug:127.0.0.1 - - [20/May/2023 18:21:02] "POST /announce HTTP/1.1" 200 -
INFO:werkzeug:127.0.0.1 - - [20/May/2023 18:21:02] "GET /nodeDetails HTTP/1.1" 200 -
INFO:werkzeug:127.0.0.1 - - [20/May/2023 18:21:22] "GET /nodeDetails HTTP/1.1" 200 -
INFO:websockets.server:connection open
INFO:werkzeug:127.0.0.1 - - [20/May/2023 18:22:04] "POST /announce_found HTTP/1.1" 200 -
ERROR:websockets.server:connection handler failed
Traceback (most recent call last):
  File "/home/atl/anaconda3/lib/python3.9/site-packages/websockets/legacy/server.py", line 240, in handler
    await self.ws_handler(self)
  File "/home/atl/anaconda3/lib/python3.9/site-packages/websockets/legacy/server.py", line 1186, in _ws_handler
    return await cast(
  File "/Projects/password_crack/test.py", line 116, in handler
    await websocket.send(f"{reply}")
  File "/home/atl/anaconda3/lib/python3.9/site-packages/websockets/legacy/protocol.py", line 647, in send
    await self.write_frame(True, opcode, data)
  File "/home/atl/anaconda3/lib/python3.9/site-packages/websockets/legacy/protocol.py", line 1205, in write_frame
    await self.drain()
  File "/home/atl/anaconda3/lib/python3.9/site-packages/websockets/legacy/protocol.py", line 1194, in drain
    await self.ensure_open()
  File "/home/atl/anaconda3/lib/python3.9/site-packages/websockets/legacy/protocol.py", line 935, in ensure_open
    raise self.connection_closed_exc()
websockets.exceptions.ConnectionClosedError: no close frame received or sent
INFO:websockets.server:connection closed
INFO:websockets.server:connection open
INFO:werkzeug:127.0.0.1 - - [20/May/2023 18:24:02] "POST /announce_found HTTP/1.1" 200 -
ERROR:websockets.server:connection handler failed
Traceback (most recent call last):
  File "/home/atl/anaconda3/lib/python3.9/site-packages/websockets/legacy/server.py", line 240, in handler
    await self.ws_handler(self)
  File "/home/atl/anaconda3/lib/python3.9/site-packages/websockets/legacy/server.py", line 1186, in _ws_handler
    return await cast(
  File "/Projects/password_crack/test.py", line 116, in handler
    await websocket.send(f"{reply}")
  File "/home/atl/anaconda3/lib/python3.9/site-packages/websockets/legacy/protocol.py", line 647, in send
    await self.write_frame(True, opcode, data)
  File "/home/atl/anaconda3/lib/python3.9/site-packages/websockets/legacy/protocol.py", line 1205, in write_frame
    await self.drain()
  File "/home/atl/anaconda3/lib/python3.9/site-packages/websockets/legacy/protocol.py", line 1194, in drain
    await self.ensure_open()
  File "/home/atl/anaconda3/lib/python3.9/site-packages/websockets/legacy/protocol.py", line 935, in ensure_open
    raise self.connection_closed_exc()
websockets.exceptions.ConnectionClosedError: no close frame received or sent
INFO:websockets.server:connection closed
INFO:werkzeug:127.0.0.1 - - [22/May/2023 19:27:03] "POST /logDetails HTTP/1.1" 200 -
INFO:werkzeug: * Running on http://127.0.0.1:5001/ (Press CTRL+C to quit)
INFO:werkzeug:127.0.0.1 - - [22/May/2023 19:27:06] "POST /logDetails HTTP/1.1" 200 -
INFO:werkzeug:127.0.0.1 - - [22/May/2023 19:27:07] "POST /logDetails HTTP/1.1" 200 -
INFO:werkzeug:127.0.0.1 - - [22/May/2023 19:27:18] "GET /nodeDetails HTTP/1.1" 200 -
INFO:werkzeug:127.0.0.1 - - [22/May/2023 19:27:19] "GET /nodeDetails HTTP/1.1" 200 -
INFO:werkzeug:127.0.0.1 - - [22/May/2023 19:27:20] "GET /nodeDetails HTTP/1.1" 200 -
INFO:werkzeug:127.0.0.1 - - [22/May/2023 19:27:21] "GET /nodeDetails HTTP/1.1" 200 -
INFO:websockets.server:server listening on 127.0.0.1:8001
INFO:werkzeug:127.0.0.1 - - [22/May/2023 19:27:21] "GET /nodeDetails HTTP/1.1" 200 -
INFO:werkzeug:127.0.0.1 - - [22/May/2023 19:27:22] "GET /nodeDetails HTTP/1.1" 200 -
INFO:werkzeug:127.0.0.1 - - [22/May/2023 19:27:22] "GET /nodeDetails HTTP/1.1" 200 -
INFO:werkzeug:127.0.0.1 - - [22/May/2023 19:27:22] "GET /nodeDetails HTTP/1.1" 200 -
INFO:websockets.server:connection failed (400 Bad Request)
INFO:websockets.server:connection closed
INFO:werkzeug:127.0.0.1 - - [22/May/2023 19:27:22] "GET /nodeDetails HTTP/1.1" 200 -
INFO:websockets.server:connection failed (400 Bad Request)
INFO:websockets.server:connection closed
INFO:werkzeug:127.0.0.1 - - [22/May/2023 19:27:32] "GET /nodeDetails HTTP/1.1" 200 -
INFO:werkzeug:127.0.0.1 - - [22/May/2023 19:27:32] "GET /nodeDetails HTTP/1.1" 200 -
INFO:werkzeug:127.0.0.1 - - [22/May/2023 19:27:39] "GET /nodeDetails HTTP/1.1" 200 -
INFO:websockets.server:connection failed (400 Bad Request)
INFO:websockets.server:connection closed
INFO:werkzeug:127.0.0.1 - - [22/May/2023 19:27:39] "GET /nodeDetails HTTP/1.1" 200 -
INFO:websockets.server:connection failed (400 Bad Request)
INFO:websockets.server:connection closed
INFO:werkzeug:127.0.0.1 - - [22/May/2023 19:27:41] "GET /nodeDetails HTTP/1.1" 200 -
INFO:werkzeug:127.0.0.1 - - [22/May/2023 19:27:44] "GET /nodeDetails HTTP/1.1" 200 -
INFO:werkzeug:127.0.0.1 - - [22/May/2023 19:27:49] "GET /nodeDetails HTTP/1.1" 200 -
INFO:werkzeug:127.0.0.1 - - [22/May/2023 19:27:49] "GET /nodeDetails HTTP/1.1" 200 -
INFO:werkzeug:127.0.0.1 - - [22/May/2023 19:27:49] "GET /nodeDetails HTTP/1.1" 200 -
INFO:werkzeug:127.0.0.1 - - [22/May/2023 19:27:49] "GET /nodeDetails HTTP/1.1" 200 -
INFO:werkzeug:127.0.0.1 - - [22/May/2023 19:27:49] "POST /announce HTTP/1.1" 200 -
INFO:werkzeug:127.0.0.1 - - [22/May/2023 19:27:49] "GET /nodeDetails HTTP/1.1" 200 -
INFO:werkzeug:127.0.0.1 - - [22/May/2023 19:28:09] "GET /nodeDetails HTTP/1.1" 200 -
INFO:websockets.server:connection open
INFO:werkzeug:127.0.0.1 - - [22/May/2023 19:30:41] "POST /logDetails HTTP/1.1" 200 -
INFO:werkzeug: * Running on http://127.0.0.1:5001/ (Press CTRL+C to quit)
INFO:werkzeug:127.0.0.1 - - [22/May/2023 19:30:43] "POST /logDetails HTTP/1.1" 200 -
INFO:werkzeug:127.0.0.1 - - [22/May/2023 19:30:45] "POST /logDetails HTTP/1.1" 200 -
INFO:werkzeug:127.0.0.1 - - [22/May/2023 19:30:56] "GET /nodeDetails HTTP/1.1" 200 -
INFO:werkzeug:127.0.0.1 - - [22/May/2023 19:30:57] "GET /nodeDetails HTTP/1.1" 200 -
INFO:werkzeug:127.0.0.1 - - [22/May/2023 19:30:58] "GET /nodeDetails HTTP/1.1" 200 -
INFO:werkzeug:127.0.0.1 - - [22/May/2023 19:30:58] "GET /nodeDetails HTTP/1.1" 200 -
INFO:websockets.server:server listening on 127.0.0.1:8001
INFO:werkzeug:127.0.0.1 - - [22/May/2023 19:30:59] "GET /nodeDetails HTTP/1.1" 200 -
INFO:websockets.server:connection failed (400 Bad Request)
INFO:websockets.server:connection closed
INFO:werkzeug:127.0.0.1 - - [22/May/2023 19:31:00] "GET /nodeDetails HTTP/1.1" 200 -
INFO:websockets.server:connection failed (400 Bad Request)
INFO:websockets.server:connection closed
INFO:werkzeug:127.0.0.1 - - [22/May/2023 19:31:09] "GET /nodeDetails HTTP/1.1" 200 -
INFO:werkzeug:127.0.0.1 - - [22/May/2023 19:31:10] "GET /nodeDetails HTTP/1.1" 200 -
INFO:werkzeug:127.0.0.1 - - [22/May/2023 19:31:17] "POST /announce HTTP/1.1" 200 -
INFO:werkzeug:127.0.0.1 - - [22/May/2023 19:31:17] "GET /nodeDetails HTTP/1.1" 200 -
INFO:werkzeug:127.0.0.1 - - [22/May/2023 19:31:18] "GET /nodeDetails HTTP/1.1" 200 -
INFO:werkzeug:127.0.0.1 - - [22/May/2023 19:31:19] "POST /response HTTP/1.1" 200 -
INFO:werkzeug:127.0.0.1 - - [22/May/2023 19:31:19] "GET /nodeDetails HTTP/1.1" 200 -
INFO:werkzeug:127.0.0.1 - - [22/May/2023 19:31:19] "POST /proxy HTTP/1.1" 200 -
INFO:websockets.server:connection failed (400 Bad Request)
INFO:websockets.server:connection closed
INFO:werkzeug:127.0.0.1 - - [22/May/2023 19:31:19] "GET /nodeDetails HTTP/1.1" 200 -
INFO:werkzeug:127.0.0.1 - - [22/May/2023 19:31:22] "GET /nodeDetails HTTP/1.1" 200 -
INFO:werkzeug:127.0.0.1 - - [22/May/2023 19:31:29] "GET /nodeDetails HTTP/1.1" 200 -
INFO:werkzeug:127.0.0.1 - - [22/May/2023 19:31:29] "GET /nodeDetails HTTP/1.1" 200 -
INFO:werkzeug:127.0.0.1 - - [22/May/2023 19:31:29] "POST /proxy HTTP/1.1" 200 -
INFO:werkzeug:127.0.0.1 - - [22/May/2023 19:31:29] "POST /announce HTTP/1.1" 200 -
INFO:werkzeug:127.0.0.1 - - [22/May/2023 19:31:29] "GET /nodeDetails HTTP/1.1" 200 -
INFO:werkzeug:127.0.0.1 - - [22/May/2023 19:31:37] "GET /nodeDetails HTTP/1.1" 200 -
INFO:werkzeug:127.0.0.1 - - [22/May/2023 19:31:49] "GET /nodeDetails HTTP/1.1" 200 -
INFO:werkzeug:127.0.0.1 - - [22/May/2023 19:34:31] "POST /logDetails HTTP/1.1" 200 -
INFO:werkzeug: * Running on http://127.0.0.1:5001/ (Press CTRL+C to quit)
INFO:werkzeug:127.0.0.1 - - [22/May/2023 19:34:35] "POST /logDetails HTTP/1.1" 200 -
INFO:werkzeug:127.0.0.1 - - [22/May/2023 19:34:37] "POST /logDetails HTTP/1.1" 200 -
INFO:werkzeug:127.0.0.1 - - [22/May/2023 19:34:46] "GET /nodeDetails HTTP/1.1" 200 -
INFO:werkzeug:127.0.0.1 - - [22/May/2023 19:34:47] "GET /nodeDetails HTTP/1.1" 200 -
INFO:werkzeug:127.0.0.1 - - [22/May/2023 19:34:49] "GET /nodeDetails HTTP/1.1" 200 -
INFO:werkzeug:127.0.0.1 - - [22/May/2023 19:34:50] "GET /nodeDetails HTTP/1.1" 200 -
INFO:websockets.server:server listening on 127.0.0.1:8001
INFO:werkzeug:127.0.0.1 - - [22/May/2023 19:34:51] "GET /nodeDetails HTTP/1.1" 200 -
INFO:websockets.server:connection failed (400 Bad Request)
INFO:websockets.server:connection closed
INFO:werkzeug:127.0.0.1 - - [22/May/2023 19:34:52] "GET /nodeDetails HTTP/1.1" 200 -
INFO:websockets.server:connection failed (400 Bad Request)
INFO:websockets.server:connection closed
INFO:werkzeug:127.0.0.1 - - [22/May/2023 19:35:01] "GET /nodeDetails HTTP/1.1" 200 -
INFO:werkzeug:127.0.0.1 - - [22/May/2023 19:35:02] "GET /nodeDetails HTTP/1.1" 200 -
INFO:werkzeug:127.0.0.1 - - [22/May/2023 19:35:06] "POST /announce HTTP/1.1" 200 -
INFO:werkzeug:127.0.0.1 - - [22/May/2023 19:35:06] "GET /nodeDetails HTTP/1.1" 200 -
INFO:werkzeug:127.0.0.1 - - [22/May/2023 19:35:07] "GET /nodeDetails HTTP/1.1" 200 -
INFO:werkzeug:127.0.0.1 - - [22/May/2023 19:35:07] "POST /response HTTP/1.1" 200 -
INFO:werkzeug:127.0.0.1 - - [22/May/2023 19:35:07] "POST /proxy HTTP/1.1" 200 -
INFO:werkzeug:127.0.0.1 - - [22/May/2023 19:35:07] "GET /nodeDetails HTTP/1.1" 200 -
INFO:werkzeug:127.0.0.1 - - [22/May/2023 19:35:12] "GET /nodeDetails HTTP/1.1" 200 -
INFO:werkzeug:127.0.0.1 - - [22/May/2023 19:35:17] "POST /announce HTTP/1.1" 200 -
INFO:werkzeug:127.0.0.1 - - [22/May/2023 19:35:17] "GET /nodeDetails HTTP/1.1" 200 -
INFO:werkzeug:127.0.0.1 - - [22/May/2023 19:35:26] "GET /nodeDetails HTTP/1.1" 200 -
INFO:werkzeug:127.0.0.1 - - [22/May/2023 19:38:54] "POST /logDetails HTTP/1.1" 200 -
INFO:werkzeug: * Running on http://127.0.0.1:5001/ (Press CTRL+C to quit)
INFO:werkzeug:127.0.0.1 - - [22/May/2023 19:38:56] "POST /logDetails HTTP/1.1" 200 -
INFO:werkzeug:127.0.0.1 - - [22/May/2023 19:38:58] "POST /logDetails HTTP/1.1" 200 -
INFO:werkzeug:127.0.0.1 - - [22/May/2023 19:39:09] "GET /nodeDetails HTTP/1.1" 200 -
INFO:werkzeug:127.0.0.1 - - [22/May/2023 19:39:10] "GET /nodeDetails HTTP/1.1" 200 -
INFO:werkzeug:127.0.0.1 - - [22/May/2023 19:39:11] "GET /nodeDetails HTTP/1.1" 200 -
INFO:werkzeug:127.0.0.1 - - [22/May/2023 19:39:11] "GET /nodeDetails HTTP/1.1" 200 -
INFO:websockets.server:server listening on 127.0.0.1:8001
INFO:werkzeug:127.0.0.1 - - [22/May/2023 19:39:12] "GET /nodeDetails HTTP/1.1" 200 -
INFO:websockets.server:connection failed (400 Bad Request)
INFO:websockets.server:connection closed
INFO:werkzeug:127.0.0.1 - - [22/May/2023 19:39:13] "GET /nodeDetails HTTP/1.1" 200 -
INFO:websockets.server:connection failed (400 Bad Request)
INFO:websockets.server:connection closed
INFO:werkzeug:127.0.0.1 - - [22/May/2023 19:39:22] "GET /nodeDetails HTTP/1.1" 200 -
INFO:werkzeug:127.0.0.1 - - [22/May/2023 19:39:23] "GET /nodeDetails HTTP/1.1" 200 -
INFO:werkzeug:127.0.0.1 - - [22/May/2023 19:39:27] "GET /nodeDetails HTTP/1.1" 200 -
INFO:werkzeug:127.0.0.1 - - [22/May/2023 19:39:27] "POST /announce HTTP/1.1" 200 -
INFO:werkzeug:127.0.0.1 - - [22/May/2023 19:39:27] "GET /nodeDetails HTTP/1.1" 200 -
INFO:werkzeug:127.0.0.1 - - [22/May/2023 19:39:35] "GET /nodeDetails HTTP/1.1" 200 -
INFO:werkzeug:127.0.0.1 - - [22/May/2023 19:39:35] "GET /nodeDetails HTTP/1.1" 200 -
INFO:websockets.server:connection failed (400 Bad Request)
INFO:websockets.server:connection closed
INFO:websockets.server:connection failed (400 Bad Request)
INFO:websockets.server:connection closed
INFO:werkzeug:127.0.0.1 - - [22/May/2023 19:39:38] "GET /nodeDetails HTTP/1.1" 200 -
INFO:werkzeug:127.0.0.1 - - [22/May/2023 19:39:45] "GET /nodeDetails HTTP/1.1" 200 -
INFO:werkzeug:127.0.0.1 - - [22/May/2023 19:39:45] "GET /nodeDetails HTTP/1.1" 200 -
INFO:werkzeug:127.0.0.1 - - [22/May/2023 19:39:45] "GET /nodeDetails HTTP/1.1" 200 -
INFO:werkzeug:127.0.0.1 - - [22/May/2023 19:39:45] "GET /nodeDetails HTTP/1.1" 200 -
INFO:werkzeug:127.0.0.1 - - [22/May/2023 19:39:45] "POST /announce HTTP/1.1" 200 -
INFO:werkzeug:127.0.0.1 - - [22/May/2023 19:39:45] "GET /nodeDetails HTTP/1.1" 200 -
INFO:werkzeug:127.0.0.1 - - [22/May/2023 19:39:47] "GET /nodeDetails HTTP/1.1" 200 -
INFO:websockets.server:connection open
INFO:werkzeug:127.0.0.1 - - [22/May/2023 19:40:05] "GET /nodeDetails HTTP/1.1" 200 -
INFO:werkzeug:127.0.0.1 - - [22/May/2023 19:40:57] "POST /announce_found HTTP/1.1" 200 -
INFO:werkzeug:127.0.0.1 - - [22/May/2023 19:48:25] "POST /logDetails HTTP/1.1" 200 -
INFO:werkzeug: * Running on http://127.0.0.1:5001/ (Press CTRL+C to quit)
INFO:werkzeug:127.0.0.1 - - [22/May/2023 19:48:27] "POST /logDetails HTTP/1.1" 200 -
INFO:werkzeug:127.0.0.1 - - [22/May/2023 19:48:28] "POST /logDetails HTTP/1.1" 200 -
INFO:werkzeug:127.0.0.1 - - [22/May/2023 19:48:40] "GET /nodeDetails HTTP/1.1" 200 -
INFO:werkzeug:127.0.0.1 - - [22/May/2023 19:48:41] "GET /nodeDetails HTTP/1.1" 200 -
INFO:werkzeug:127.0.0.1 - - [22/May/2023 19:48:42] "GET /nodeDetails HTTP/1.1" 200 -
INFO:websockets.server:server listening on 127.0.0.1:8001
INFO:werkzeug:127.0.0.1 - - [22/May/2023 19:48:42] "GET /nodeDetails HTTP/1.1" 200 -
INFO:werkzeug:127.0.0.1 - - [22/May/2023 19:48:43] "GET /nodeDetails HTTP/1.1" 200 -
INFO:websockets.server:connection failed (400 Bad Request)
INFO:websockets.server:connection closed
INFO:werkzeug:127.0.0.1 - - [22/May/2023 19:48:43] "GET /nodeDetails HTTP/1.1" 200 -
INFO:websockets.server:connection failed (400 Bad Request)
INFO:websockets.server:connection closed
INFO:werkzeug:127.0.0.1 - - [22/May/2023 19:48:53] "GET /nodeDetails HTTP/1.1" 200 -
INFO:werkzeug:127.0.0.1 - - [22/May/2023 19:48:53] "GET /nodeDetails HTTP/1.1" 200 -
INFO:werkzeug:127.0.0.1 - - [22/May/2023 19:49:01] "GET /nodeDetails HTTP/1.1" 200 -
INFO:werkzeug:127.0.0.1 - - [22/May/2023 19:49:01] "POST /announce HTTP/1.1" 200 -
INFO:werkzeug:127.0.0.1 - - [22/May/2023 19:49:01] "GET /nodeDetails HTTP/1.1" 200 -
INFO:werkzeug:127.0.0.1 - - [22/May/2023 19:49:04] "GET /nodeDetails HTTP/1.1" 200 -
INFO:werkzeug:127.0.0.1 - - [22/May/2023 19:49:04] "POST /response HTTP/1.1" 200 -
INFO:werkzeug:127.0.0.1 - - [22/May/2023 19:49:04] "POST /proxy HTTP/1.1" 200 -
INFO:werkzeug:127.0.0.1 - - [22/May/2023 19:49:04] "GET /nodeDetails HTTP/1.1" 200 -
INFO:werkzeug:127.0.0.1 - - [22/May/2023 19:49:04] "GET /nodeDetails HTTP/1.1" 200 -
INFO:websockets.server:connection failed (400 Bad Request)
INFO:websockets.server:connection closed
INFO:werkzeug:127.0.0.1 - - [22/May/2023 19:49:14] "GET /nodeDetails HTTP/1.1" 200 -
INFO:werkzeug:127.0.0.1 - - [22/May/2023 19:49:14] "GET /nodeDetails HTTP/1.1" 200 -
INFO:werkzeug:127.0.0.1 - - [22/May/2023 19:49:14] "POST /announce HTTP/1.1" 200 -
INFO:werkzeug:127.0.0.1 - - [22/May/2023 19:49:14] "GET /nodeDetails HTTP/1.1" 200 -
INFO:werkzeug:127.0.0.1 - - [22/May/2023 19:49:21] "GET /nodeDetails HTTP/1.1" 200 -
INFO:websockets.server:connection open
INFO:werkzeug:127.0.0.1 - - [22/May/2023 19:49:34] "GET /nodeDetails HTTP/1.1" 200 -
INFO:werkzeug:127.0.0.1 - - [22/May/2023 19:50:53] "POST /logDetails HTTP/1.1" 200 -
INFO:werkzeug: * Running on http://127.0.0.1:5001/ (Press CTRL+C to quit)
INFO:werkzeug:127.0.0.1 - - [22/May/2023 19:50:56] "POST /logDetails HTTP/1.1" 200 -
INFO:werkzeug:127.0.0.1 - - [22/May/2023 19:50:58] "POST /logDetails HTTP/1.1" 200 -
INFO:werkzeug:127.0.0.1 - - [22/May/2023 19:51:08] "GET /nodeDetails HTTP/1.1" 200 -
INFO:werkzeug:127.0.0.1 - - [22/May/2023 19:51:09] "GET /nodeDetails HTTP/1.1" 200 -
INFO:werkzeug:127.0.0.1 - - [22/May/2023 19:51:10] "GET /nodeDetails HTTP/1.1" 200 -
INFO:werkzeug:127.0.0.1 - - [22/May/2023 19:51:11] "GET /nodeDetails HTTP/1.1" 200 -
INFO:websockets.server:server listening on 127.0.0.1:8001
INFO:werkzeug:127.0.0.1 - - [22/May/2023 19:51:12] "GET /nodeDetails HTTP/1.1" 200 -
INFO:websockets.server:connection failed (400 Bad Request)
INFO:websockets.server:connection closed
INFO:werkzeug:127.0.0.1 - - [22/May/2023 19:51:13] "GET /nodeDetails HTTP/1.1" 200 -
INFO:websockets.server:connection failed (400 Bad Request)
INFO:websockets.server:connection closed
INFO:werkzeug:127.0.0.1 - - [22/May/2023 19:51:22] "GET /nodeDetails HTTP/1.1" 200 -
INFO:werkzeug:127.0.0.1 - - [22/May/2023 19:51:23] "GET /nodeDetails HTTP/1.1" 200 -
INFO:werkzeug:127.0.0.1 - - [22/May/2023 19:51:29] "GET /nodeDetails HTTP/1.1" 200 -
INFO:websockets.server:connection failed (400 Bad Request)
INFO:websockets.server:connection closed
INFO:werkzeug:127.0.0.1 - - [22/May/2023 19:51:31] "GET /nodeDetails HTTP/1.1" 200 -
INFO:werkzeug:127.0.0.1 - - [22/May/2023 19:51:38] "GET /nodeDetails HTTP/1.1" 200 -
INFO:werkzeug:127.0.0.1 - - [22/May/2023 19:51:39] "GET /nodeDetails HTTP/1.1" 200 -
INFO:werkzeug:127.0.0.1 - - [22/May/2023 19:51:39] "GET /nodeDetails HTTP/1.1" 200 -
INFO:werkzeug:127.0.0.1 - - [22/May/2023 19:51:39] "POST /announce HTTP/1.1" 200 -
INFO:werkzeug:127.0.0.1 - - [22/May/2023 19:51:39] "GET /nodeDetails HTTP/1.1" 200 -
INFO:werkzeug:127.0.0.1 - - [22/May/2023 19:51:59] "GET /nodeDetails HTTP/1.1" 200 -
INFO:websockets.server:connection open
INFO:werkzeug:127.0.0.1 - - [22/May/2023 19:54:51] "POST /logDetails HTTP/1.1" 200 -
INFO:werkzeug: * Running on http://127.0.0.1:5001/ (Press CTRL+C to quit)
INFO:werkzeug:127.0.0.1 - - [22/May/2023 19:54:53] "POST /logDetails HTTP/1.1" 200 -
INFO:werkzeug:127.0.0.1 - - [22/May/2023 19:54:54] "POST /logDetails HTTP/1.1" 200 -
INFO:werkzeug:127.0.0.1 - - [22/May/2023 19:55:06] "GET /nodeDetails HTTP/1.1" 200 -
INFO:werkzeug:127.0.0.1 - - [22/May/2023 19:55:07] "GET /nodeDetails HTTP/1.1" 200 -
INFO:werkzeug:127.0.0.1 - - [22/May/2023 19:55:08] "GET /nodeDetails HTTP/1.1" 200 -
INFO:websockets.server:server listening on 127.0.0.1:8001
INFO:werkzeug:127.0.0.1 - - [22/May/2023 19:55:08] "GET /nodeDetails HTTP/1.1" 200 -
INFO:werkzeug:127.0.0.1 - - [22/May/2023 19:55:09] "GET /nodeDetails HTTP/1.1" 200 -
INFO:websockets.server:connection failed (400 Bad Request)
INFO:websockets.server:connection closed
INFO:werkzeug:127.0.0.1 - - [22/May/2023 19:55:09] "GET /nodeDetails HTTP/1.1" 200 -
INFO:websockets.server:connection failed (400 Bad Request)
INFO:websockets.server:connection closed
INFO:werkzeug:127.0.0.1 - - [22/May/2023 19:55:19] "GET /nodeDetails HTTP/1.1" 200 -
INFO:werkzeug:127.0.0.1 - - [22/May/2023 19:55:19] "GET /nodeDetails HTTP/1.1" 200 -
INFO:werkzeug:127.0.0.1 - - [22/May/2023 19:55:24] "GET /nodeDetails HTTP/1.1" 200 -
INFO:werkzeug:127.0.0.1 - - [22/May/2023 19:55:24] "POST /announce HTTP/1.1" 200 -
INFO:werkzeug:127.0.0.1 - - [22/May/2023 19:55:24] "GET /nodeDetails HTTP/1.1" 200 -
INFO:werkzeug:127.0.0.1 - - [22/May/2023 19:55:25] "GET /nodeDetails HTTP/1.1" 200 -
INFO:werkzeug:127.0.0.1 - - [22/May/2023 19:55:25] "GET /nodeDetails HTTP/1.1" 200 -
INFO:websockets.server:connection failed (400 Bad Request)
INFO:websockets.server:connection closed
INFO:werkzeug:127.0.0.1 - - [22/May/2023 19:55:35] "GET /nodeDetails HTTP/1.1" 200 -
INFO:werkzeug:127.0.0.1 - - [22/May/2023 19:55:35] "GET /nodeDetails HTTP/1.1" 200 -
INFO:werkzeug:127.0.0.1 - - [22/May/2023 19:55:35] "POST /announce HTTP/1.1" 200 -
INFO:werkzeug:127.0.0.1 - - [22/May/2023 19:55:35] "GET /nodeDetails HTTP/1.1" 200 -
INFO:werkzeug:127.0.0.1 - - [22/May/2023 19:55:44] "GET /nodeDetails HTTP/1.1" 200 -
INFO:websockets.server:connection open
INFO:werkzeug:127.0.0.1 - - [22/May/2023 19:55:55] "GET /nodeDetails HTTP/1.1" 200 -
INFO:werkzeug:127.0.0.1 - - [22/May/2023 20:02:59] "POST /logDetails HTTP/1.1" 200 -
INFO:werkzeug: * Running on http://127.0.0.1:5001/ (Press CTRL+C to quit)
INFO:werkzeug:127.0.0.1 - - [22/May/2023 20:03:01] "POST /logDetails HTTP/1.1" 200 -
INFO:werkzeug:127.0.0.1 - - [22/May/2023 20:03:02] "POST /logDetails HTTP/1.1" 200 -
INFO:werkzeug:127.0.0.1 - - [22/May/2023 20:03:14] "GET /nodeDetails HTTP/1.1" 200 -
INFO:werkzeug:127.0.0.1 - - [22/May/2023 20:03:15] "GET /nodeDetails HTTP/1.1" 200 -
INFO:werkzeug:127.0.0.1 - - [22/May/2023 20:03:16] "GET /nodeDetails HTTP/1.1" 200 -
INFO:websockets.server:server listening on 127.0.0.1:8001
INFO:werkzeug:127.0.0.1 - - [22/May/2023 20:03:16] "GET /nodeDetails HTTP/1.1" 200 -
INFO:werkzeug:127.0.0.1 - - [22/May/2023 20:03:17] "GET /nodeDetails HTTP/1.1" 200 -
INFO:websockets.server:connection failed (400 Bad Request)
INFO:websockets.server:connection closed
INFO:werkzeug:127.0.0.1 - - [22/May/2023 20:03:17] "GET /nodeDetails HTTP/1.1" 200 -
INFO:websockets.server:connection failed (400 Bad Request)
INFO:websockets.server:connection closed
INFO:werkzeug:127.0.0.1 - - [22/May/2023 20:03:27] "GET /nodeDetails HTTP/1.1" 200 -
INFO:werkzeug:127.0.0.1 - - [22/May/2023 20:03:27] "GET /nodeDetails HTTP/1.1" 200 -
INFO:werkzeug:127.0.0.1 - - [22/May/2023 20:03:34] "GET /nodeDetails HTTP/1.1" 200 -
INFO:websockets.server:connection failed (400 Bad Request)
INFO:websockets.server:connection closed
INFO:werkzeug:127.0.0.1 - - [22/May/2023 20:03:34] "GET /nodeDetails HTTP/1.1" 200 -
INFO:werkzeug:127.0.0.1 - - [22/May/2023 20:03:40] "GET /nodeDetails HTTP/1.1" 200 -
INFO:werkzeug:127.0.0.1 - - [22/May/2023 20:03:44] "GET /nodeDetails HTTP/1.1" 200 -
INFO:werkzeug:127.0.0.1 - - [22/May/2023 20:03:44] "GET /nodeDetails HTTP/1.1" 200 -
INFO:werkzeug:127.0.0.1 - - [22/May/2023 20:03:44] "POST /announce HTTP/1.1" 200 -
INFO:werkzeug:127.0.0.1 - - [22/May/2023 20:03:44] "GET /nodeDetails HTTP/1.1" 200 -
INFO:werkzeug:127.0.0.1 - - [22/May/2023 20:04:04] "GET /nodeDetails HTTP/1.1" 200 -
INFO:websockets.server:connection open
INFO:werkzeug:127.0.0.1 - - [22/May/2023 20:10:04] "POST /logDetails HTTP/1.1" 200 -
INFO:werkzeug: * Running on http://127.0.0.1:5001/ (Press CTRL+C to quit)
INFO:werkzeug:127.0.0.1 - - [22/May/2023 20:10:06] "POST /logDetails HTTP/1.1" 200 -
INFO:werkzeug:127.0.0.1 - - [22/May/2023 20:10:07] "POST /logDetails HTTP/1.1" 200 -
INFO:werkzeug:127.0.0.1 - - [22/May/2023 20:10:19] "GET /nodeDetails HTTP/1.1" 200 -
INFO:werkzeug:127.0.0.1 - - [22/May/2023 20:10:20] "GET /nodeDetails HTTP/1.1" 200 -
INFO:werkzeug:127.0.0.1 - - [22/May/2023 20:10:21] "GET /nodeDetails HTTP/1.1" 200 -
INFO:werkzeug:127.0.0.1 - - [22/May/2023 20:10:21] "GET /nodeDetails HTTP/1.1" 200 -
INFO:websockets.server:server listening on 127.0.0.1:8001
INFO:werkzeug:127.0.0.1 - - [22/May/2023 20:10:22] "GET /nodeDetails HTTP/1.1" 200 -
INFO:websockets.server:connection failed (400 Bad Request)
INFO:websockets.server:connection closed
INFO:werkzeug:127.0.0.1 - - [22/May/2023 20:10:22] "GET /nodeDetails HTTP/1.1" 200 -
INFO:websockets.server:connection failed (400 Bad Request)
INFO:websockets.server:connection closed
INFO:werkzeug:127.0.0.1 - - [22/May/2023 20:10:32] "GET /nodeDetails HTTP/1.1" 200 -
INFO:werkzeug:127.0.0.1 - - [22/May/2023 20:10:32] "GET /nodeDetails HTTP/1.1" 200 -
INFO:werkzeug:127.0.0.1 - - [22/May/2023 20:10:37] "GET /nodeDetails HTTP/1.1" 200 -
INFO:werkzeug:127.0.0.1 - - [22/May/2023 20:10:37] "POST /announce HTTP/1.1" 200 -
INFO:werkzeug:127.0.0.1 - - [22/May/2023 20:10:37] "GET /nodeDetails HTTP/1.1" 200 -
INFO:werkzeug:127.0.0.1 - - [22/May/2023 20:10:38] "GET /nodeDetails HTTP/1.1" 200 -
INFO:werkzeug:127.0.0.1 - - [22/May/2023 20:10:38] "GET /nodeDetails HTTP/1.1" 200 -
INFO:websockets.server:connection failed (400 Bad Request)
INFO:websockets.server:connection closed
INFO:werkzeug:127.0.0.1 - - [22/May/2023 20:10:48] "GET /nodeDetails HTTP/1.1" 200 -
INFO:werkzeug:127.0.0.1 - - [22/May/2023 20:10:48] "GET /nodeDetails HTTP/1.1" 200 -
INFO:werkzeug:127.0.0.1 - - [22/May/2023 20:10:48] "POST /announce HTTP/1.1" 200 -
INFO:werkzeug:127.0.0.1 - - [22/May/2023 20:10:48] "GET /nodeDetails HTTP/1.1" 200 -
INFO:werkzeug:127.0.0.1 - - [22/May/2023 20:10:57] "GET /nodeDetails HTTP/1.1" 200 -
INFO:websockets.server:connection open
INFO:werkzeug:127.0.0.1 - - [22/May/2023 20:11:08] "GET /nodeDetails HTTP/1.1" 200 -
INFO:werkzeug:127.0.0.1 - - [22/May/2023 20:15:53] "POST /logDetails HTTP/1.1" 200 -
INFO:werkzeug: * Running on http://127.0.0.1:5001/ (Press CTRL+C to quit)
INFO:werkzeug:127.0.0.1 - - [22/May/2023 20:15:56] "POST /logDetails HTTP/1.1" 200 -
INFO:werkzeug:127.0.0.1 - - [22/May/2023 20:15:57] "POST /logDetails HTTP/1.1" 200 -
INFO:werkzeug:127.0.0.1 - - [22/May/2023 20:21:41] "POST /logDetails HTTP/1.1" 200 -
INFO:werkzeug: * Running on http://127.0.0.1:5001/ (Press CTRL+C to quit)
INFO:werkzeug:127.0.0.1 - - [22/May/2023 20:21:45] "POST /logDetails HTTP/1.1" 200 -
INFO:werkzeug:127.0.0.1 - - [22/May/2023 20:21:47] "POST /logDetails HTTP/1.1" 200 -
INFO:werkzeug:127.0.0.1 - - [22/May/2023 20:21:56] "GET /nodeDetails HTTP/1.1" 200 -
INFO:werkzeug:127.0.0.1 - - [22/May/2023 20:21:57] "GET /nodeDetails HTTP/1.1" 200 -
INFO:werkzeug:127.0.0.1 - - [22/May/2023 20:21:58] "GET /nodeDetails HTTP/1.1" 200 -
INFO:werkzeug:127.0.0.1 - - [22/May/2023 20:22:00] "GET /nodeDetails HTTP/1.1" 200 -
INFO:websockets.server:server listening on 127.0.0.1:8001
INFO:werkzeug:127.0.0.1 - - [22/May/2023 20:22:01] "GET /nodeDetails HTTP/1.1" 200 -
INFO:websockets.server:connection failed (400 Bad Request)
INFO:websockets.server:connection closed
INFO:werkzeug:127.0.0.1 - - [22/May/2023 20:22:02] "GET /nodeDetails HTTP/1.1" 200 -
INFO:websockets.server:connection failed (400 Bad Request)
INFO:websockets.server:connection closed
INFO:werkzeug:127.0.0.1 - - [22/May/2023 20:22:11] "GET /nodeDetails HTTP/1.1" 200 -
INFO:werkzeug:127.0.0.1 - - [22/May/2023 20:22:12] "GET /nodeDetails HTTP/1.1" 200 -
INFO:werkzeug:127.0.0.1 - - [22/May/2023 20:22:18] "GET /nodeDetails HTTP/1.1" 200 -
INFO:werkzeug:127.0.0.1 - - [22/May/2023 20:22:18] "POST /announce HTTP/1.1" 200 -
INFO:werkzeug:127.0.0.1 - - [22/May/2023 20:22:18] "GET /nodeDetails HTTP/1.1" 200 -
INFO:werkzeug:127.0.0.1 - - [22/May/2023 20:22:23] "GET /nodeDetails HTTP/1.1" 200 -
INFO:websockets.server:connection failed (400 Bad Request)
INFO:websockets.server:connection closed
INFO:werkzeug:127.0.0.1 - - [22/May/2023 20:22:26] "GET /nodeDetails HTTP/1.1" 200 -
INFO:werkzeug:127.0.0.1 - - [22/May/2023 20:22:33] "GET /nodeDetails HTTP/1.1" 200 -
INFO:werkzeug:127.0.0.1 - - [22/May/2023 20:22:33] "GET /nodeDetails HTTP/1.1" 200 -
INFO:werkzeug:127.0.0.1 - - [22/May/2023 20:22:33] "POST /announce HTTP/1.1" 200 -
INFO:werkzeug:127.0.0.1 - - [22/May/2023 20:22:33] "GET /nodeDetails HTTP/1.1" 200 -
INFO:werkzeug:127.0.0.1 - - [22/May/2023 20:22:38] "GET /nodeDetails HTTP/1.1" 200 -
INFO:websockets.server:connection open
INFO:werkzeug:127.0.0.1 - - [22/May/2023 20:30:25] "POST /logDetails HTTP/1.1" 200 -
INFO:werkzeug: * Running on http://127.0.0.1:5001/ (Press CTRL+C to quit)
INFO:werkzeug:127.0.0.1 - - [22/May/2023 20:30:27] "POST /logDetails HTTP/1.1" 200 -
INFO:werkzeug:127.0.0.1 - - [22/May/2023 20:30:28] "POST /logDetails HTTP/1.1" 200 -
INFO:werkzeug:127.0.0.1 - - [22/May/2023 20:30:40] "GET /nodeDetails HTTP/1.1" 200 -
INFO:werkzeug:127.0.0.1 - - [22/May/2023 20:30:41] "GET /nodeDetails HTTP/1.1" 200 -
INFO:werkzeug:127.0.0.1 - - [22/May/2023 20:30:42] "GET /nodeDetails HTTP/1.1" 200 -
INFO:websockets.server:server listening on 127.0.0.1:8001
INFO:werkzeug:127.0.0.1 - - [22/May/2023 20:30:42] "GET /nodeDetails HTTP/1.1" 200 -
INFO:werkzeug:127.0.0.1 - - [22/May/2023 20:30:43] "GET /nodeDetails HTTP/1.1" 200 -
INFO:websockets.server:connection failed (400 Bad Request)
INFO:websockets.server:connection closed
INFO:werkzeug:127.0.0.1 - - [22/May/2023 20:30:43] "GET /nodeDetails HTTP/1.1" 200 -
INFO:websockets.server:connection failed (400 Bad Request)
INFO:websockets.server:connection closed
INFO:werkzeug:127.0.0.1 - - [22/May/2023 20:30:53] "GET /nodeDetails HTTP/1.1" 200 -
INFO:werkzeug:127.0.0.1 - - [22/May/2023 20:30:53] "GET /nodeDetails HTTP/1.1" 200 -
INFO:werkzeug:127.0.0.1 - - [22/May/2023 20:31:00] "GET /nodeDetails HTTP/1.1" 200 -
INFO:werkzeug:127.0.0.1 - - [22/May/2023 20:31:00] "POST /response HTTP/1.1" 200 -
INFO:werkzeug:127.0.0.1 - - [22/May/2023 20:31:00] "POST /proxy HTTP/1.1" 200 -
INFO:werkzeug:127.0.0.1 - - [22/May/2023 20:31:00] "GET /nodeDetails HTTP/1.1" 200 -
INFO:werkzeug:127.0.0.1 - - [22/May/2023 20:31:00] "GET /nodeDetails HTTP/1.1" 200 -
INFO:websockets.server:connection failed (400 Bad Request)
INFO:websockets.server:connection closed
INFO:werkzeug:127.0.0.1 - - [22/May/2023 20:31:03] "GET /nodeDetails HTTP/1.1" 200 -
INFO:werkzeug:127.0.0.1 - - [22/May/2023 20:31:10] "GET /nodeDetails HTTP/1.1" 200 -
INFO:werkzeug:127.0.0.1 - - [22/May/2023 20:31:10] "GET /nodeDetails HTTP/1.1" 200 -
INFO:werkzeug:127.0.0.1 - - [22/May/2023 20:31:10] "POST /announce HTTP/1.1" 200 -
INFO:werkzeug:127.0.0.1 - - [22/May/2023 20:31:10] "GET /nodeDetails HTTP/1.1" 200 -
INFO:werkzeug:127.0.0.1 - - [22/May/2023 20:31:30] "GET /nodeDetails HTTP/1.1" 200 -
INFO:websockets.server:connection open
INFO:werkzeug:127.0.0.1 - - [22/May/2023 20:36:22] "POST /logDetails HTTP/1.1" 200 -
INFO:werkzeug: * Running on http://127.0.0.1:5001/ (Press CTRL+C to quit)
INFO:werkzeug:127.0.0.1 - - [22/May/2023 20:36:25] "POST /logDetails HTTP/1.1" 200 -
INFO:werkzeug:127.0.0.1 - - [22/May/2023 20:36:27] "POST /logDetails HTTP/1.1" 200 -
INFO:werkzeug:127.0.0.1 - - [22/May/2023 20:36:38] "GET /nodeDetails HTTP/1.1" 200 -
INFO:werkzeug:127.0.0.1 - - [22/May/2023 20:36:39] "GET /nodeDetails HTTP/1.1" 200 -
INFO:werkzeug:127.0.0.1 - - [22/May/2023 20:36:40] "GET /nodeDetails HTTP/1.1" 200 -
INFO:werkzeug:127.0.0.1 - - [22/May/2023 20:36:40] "GET /nodeDetails HTTP/1.1" 200 -
INFO:websockets.server:server listening on 127.0.0.1:8001
INFO:werkzeug:127.0.0.1 - - [22/May/2023 20:36:41] "GET /nodeDetails HTTP/1.1" 200 -
INFO:websockets.server:connection failed (400 Bad Request)
INFO:websockets.server:connection closed
INFO:werkzeug:127.0.0.1 - - [22/May/2023 20:36:42] "GET /nodeDetails HTTP/1.1" 200 -
INFO:websockets.server:connection failed (400 Bad Request)
INFO:websockets.server:connection closed
INFO:werkzeug:127.0.0.1 - - [22/May/2023 20:36:51] "GET /nodeDetails HTTP/1.1" 200 -
INFO:werkzeug:127.0.0.1 - - [22/May/2023 20:36:52] "GET /nodeDetails HTTP/1.1" 200 -
INFO:werkzeug:127.0.0.1 - - [22/May/2023 20:36:56] "GET /nodeDetails HTTP/1.1" 200 -
INFO:werkzeug:127.0.0.1 - - [22/May/2023 20:36:56] "GET /nodeDetails HTTP/1.1" 200 -
INFO:websockets.server:connection failed (400 Bad Request)
INFO:websockets.server:connection closed
INFO:werkzeug:127.0.0.1 - - [22/May/2023 20:37:03] "GET /nodeDetails HTTP/1.1" 200 -
INFO:werkzeug:127.0.0.1 - - [22/May/2023 20:37:06] "GET /nodeDetails HTTP/1.1" 200 -
INFO:werkzeug:127.0.0.1 - - [22/May/2023 20:37:06] "GET /nodeDetails HTTP/1.1" 200 -
INFO:werkzeug:127.0.0.1 - - [22/May/2023 20:37:06] "POST /announce HTTP/1.1" 200 -
INFO:werkzeug:127.0.0.1 - - [22/May/2023 20:37:06] "GET /nodeDetails HTTP/1.1" 200 -
INFO:werkzeug:127.0.0.1 - - [22/May/2023 20:37:26] "GET /nodeDetails HTTP/1.1" 200 -
INFO:websockets.server:connection open
INFO:werkzeug:127.0.0.1 - - [22/May/2023 20:39:45] "POST /logDetails HTTP/1.1" 200 -
INFO:werkzeug: * Running on http://127.0.0.1:5001/ (Press CTRL+C to quit)
INFO:werkzeug:127.0.0.1 - - [22/May/2023 20:39:48] "POST /logDetails HTTP/1.1" 200 -
INFO:werkzeug:127.0.0.1 - - [22/May/2023 20:39:49] "POST /logDetails HTTP/1.1" 200 -
INFO:werkzeug:127.0.0.1 - - [22/May/2023 20:40:00] "GET /nodeDetails HTTP/1.1" 200 -
INFO:werkzeug:127.0.0.1 - - [22/May/2023 20:40:01] "GET /nodeDetails HTTP/1.1" 200 -
INFO:werkzeug:127.0.0.1 - - [22/May/2023 20:40:02] "GET /nodeDetails HTTP/1.1" 200 -
INFO:werkzeug:127.0.0.1 - - [22/May/2023 20:40:03] "GET /nodeDetails HTTP/1.1" 200 -
INFO:websockets.server:server listening on 127.0.0.1:8001
INFO:werkzeug:127.0.0.1 - - [22/May/2023 20:40:04] "GET /nodeDetails HTTP/1.1" 200 -
INFO:websockets.server:connection failed (400 Bad Request)
INFO:websockets.server:connection closed
INFO:werkzeug:127.0.0.1 - - [22/May/2023 20:40:04] "GET /nodeDetails HTTP/1.1" 200 -
INFO:websockets.server:connection failed (400 Bad Request)
INFO:websockets.server:connection closed
INFO:werkzeug:127.0.0.1 - - [22/May/2023 20:40:14] "GET /nodeDetails HTTP/1.1" 200 -
INFO:werkzeug:127.0.0.1 - - [22/May/2023 20:40:14] "GET /nodeDetails HTTP/1.1" 200 -
INFO:werkzeug:127.0.0.1 - - [22/May/2023 20:40:21] "GET /nodeDetails HTTP/1.1" 200 -
INFO:werkzeug:127.0.0.1 - - [22/May/2023 20:40:21] "POST /announce HTTP/1.1" 200 -
INFO:werkzeug:127.0.0.1 - - [22/May/2023 20:40:21] "GET /nodeDetails HTTP/1.1" 200 -
INFO:werkzeug:127.0.0.1 - - [22/May/2023 20:40:21] "GET /nodeDetails HTTP/1.1" 200 -
INFO:werkzeug:127.0.0.1 - - [22/May/2023 20:40:21] "GET /nodeDetails HTTP/1.1" 200 -
INFO:websockets.server:connection failed (400 Bad Request)
INFO:websockets.server:connection closed
INFO:werkzeug:127.0.0.1 - - [22/May/2023 20:40:31] "GET /nodeDetails HTTP/1.1" 200 -
INFO:werkzeug:127.0.0.1 - - [22/May/2023 20:40:31] "GET /nodeDetails HTTP/1.1" 200 -
INFO:werkzeug:127.0.0.1 - - [22/May/2023 20:40:31] "POST /announce HTTP/1.1" 200 -
INFO:werkzeug:127.0.0.1 - - [22/May/2023 20:40:32] "GET /nodeDetails HTTP/1.1" 200 -
INFO:werkzeug:127.0.0.1 - - [22/May/2023 20:40:41] "GET /nodeDetails HTTP/1.1" 200 -
INFO:websockets.server:connection open
INFO:werkzeug:127.0.0.1 - - [22/May/2023 20:49:58] "POST /logDetails HTTP/1.1" 200 -
INFO:werkzeug: * Running on http://127.0.0.1:5001/ (Press CTRL+C to quit)
INFO:werkzeug:127.0.0.1 - - [22/May/2023 20:50:00] "POST /logDetails HTTP/1.1" 200 -
INFO:werkzeug:127.0.0.1 - - [22/May/2023 20:50:01] "POST /logDetails HTTP/1.1" 200 -
INFO:werkzeug:127.0.0.1 - - [22/May/2023 20:50:14] "GET /nodeDetails HTTP/1.1" 200 -
INFO:werkzeug:127.0.0.1 - - [22/May/2023 20:50:15] "GET /nodeDetails HTTP/1.1" 200 -
INFO:werkzeug:127.0.0.1 - - [22/May/2023 20:50:15] "GET /nodeDetails HTTP/1.1" 200 -
INFO:websockets.server:server listening on 127.0.0.1:8001
INFO:werkzeug:127.0.0.1 - - [22/May/2023 20:50:16] "GET /nodeDetails HTTP/1.1" 200 -
INFO:werkzeug:127.0.0.1 - - [22/May/2023 20:50:16] "GET /nodeDetails HTTP/1.1" 200 -
INFO:websockets.server:connection failed (400 Bad Request)
INFO:websockets.server:connection closed
INFO:werkzeug:127.0.0.1 - - [22/May/2023 20:50:16] "GET /nodeDetails HTTP/1.1" 200 -
INFO:websockets.server:connection failed (400 Bad Request)
INFO:websockets.server:connection closed
INFO:werkzeug:127.0.0.1 - - [22/May/2023 20:50:26] "GET /nodeDetails HTTP/1.1" 200 -
INFO:werkzeug:127.0.0.1 - - [22/May/2023 20:50:26] "GET /nodeDetails HTTP/1.1" 200 -
INFO:werkzeug:127.0.0.1 - - [22/May/2023 20:50:35] "POST /announce HTTP/1.1" 200 -
INFO:werkzeug:127.0.0.1 - - [22/May/2023 20:50:35] "GET /nodeDetails HTTP/1.1" 200 -
INFO:werkzeug:127.0.0.1 - - [22/May/2023 20:50:37] "GET /nodeDetails HTTP/1.1" 200 -
INFO:werkzeug:127.0.0.1 - - [22/May/2023 20:50:37] "POST /response HTTP/1.1" 200 -
INFO:werkzeug:127.0.0.1 - - [22/May/2023 20:50:37] "POST /proxy HTTP/1.1" 200 -
INFO:werkzeug:127.0.0.1 - - [22/May/2023 20:50:37] "GET /nodeDetails HTTP/1.1" 200 -
INFO:werkzeug:127.0.0.1 - - [22/May/2023 20:50:37] "GET /nodeDetails HTTP/1.1" 200 -
INFO:websockets.server:connection failed (400 Bad Request)
INFO:websockets.server:connection closed
INFO:werkzeug:127.0.0.1 - - [22/May/2023 20:50:39] "GET /nodeDetails HTTP/1.1" 200 -
INFO:werkzeug:127.0.0.1 - - [22/May/2023 20:50:47] "GET /nodeDetails HTTP/1.1" 200 -
INFO:werkzeug:127.0.0.1 - - [22/May/2023 20:50:47] "POST /announce HTTP/1.1" 200 -
INFO:werkzeug:127.0.0.1 - - [22/May/2023 20:50:47] "GET /nodeDetails HTTP/1.1" 200 -
INFO:werkzeug:127.0.0.1 - - [22/May/2023 20:50:47] "POST /proxy HTTP/1.1" 200 -
INFO:werkzeug:127.0.0.1 - - [22/May/2023 20:50:47] "GET /nodeDetails HTTP/1.1" 200 -
INFO:werkzeug:127.0.0.1 - - [22/May/2023 20:50:55] "GET /nodeDetails HTTP/1.1" 200 -
INFO:werkzeug:127.0.0.1 - - [22/May/2023 20:53:10] "POST /logDetails HTTP/1.1" 200 -
INFO:werkzeug: * Running on http://127.0.0.1:5001/ (Press CTRL+C to quit)
INFO:werkzeug:127.0.0.1 - - [22/May/2023 20:53:12] "POST /logDetails HTTP/1.1" 200 -
INFO:werkzeug:127.0.0.1 - - [22/May/2023 20:53:13] "POST /logDetails HTTP/1.1" 200 -
INFO:werkzeug:127.0.0.1 - - [22/May/2023 20:53:25] "GET /nodeDetails HTTP/1.1" 200 -
INFO:werkzeug:127.0.0.1 - - [22/May/2023 20:53:26] "GET /nodeDetails HTTP/1.1" 200 -
INFO:werkzeug:127.0.0.1 - - [22/May/2023 20:53:27] "GET /nodeDetails HTTP/1.1" 200 -
INFO:websockets.server:server listening on 127.0.0.1:8001
INFO:werkzeug:127.0.0.1 - - [22/May/2023 20:53:27] "GET /nodeDetails HTTP/1.1" 200 -
INFO:werkzeug:127.0.0.1 - - [22/May/2023 20:53:28] "GET /nodeDetails HTTP/1.1" 200 -
INFO:websockets.server:connection failed (400 Bad Request)
INFO:websockets.server:connection closed
INFO:werkzeug:127.0.0.1 - - [22/May/2023 20:53:28] "GET /nodeDetails HTTP/1.1" 200 -
INFO:websockets.server:connection failed (400 Bad Request)
INFO:websockets.server:connection closed
INFO:werkzeug:127.0.0.1 - - [22/May/2023 20:53:38] "GET /nodeDetails HTTP/1.1" 200 -
INFO:werkzeug:127.0.0.1 - - [22/May/2023 20:53:38] "GET /nodeDetails HTTP/1.1" 200 -
INFO:werkzeug:127.0.0.1 - - [22/May/2023 20:53:43] "POST /announce HTTP/1.1" 200 -
INFO:werkzeug:127.0.0.1 - - [22/May/2023 20:53:43] "GET /nodeDetails HTTP/1.1" 200 -
INFO:werkzeug:127.0.0.1 - - [22/May/2023 20:53:49] "GET /nodeDetails HTTP/1.1" 200 -
INFO:werkzeug:127.0.0.1 - - [22/May/2023 20:53:49] "POST /response HTTP/1.1" 200 -
INFO:werkzeug:127.0.0.1 - - [22/May/2023 20:53:49] "POST /proxy HTTP/1.1" 200 -
INFO:werkzeug:127.0.0.1 - - [22/May/2023 20:53:49] "GET /nodeDetails HTTP/1.1" 200 -
INFO:werkzeug:127.0.0.1 - - [22/May/2023 20:53:49] "GET /nodeDetails HTTP/1.1" 200 -
INFO:websockets.server:connection failed (400 Bad Request)
INFO:websockets.server:connection closed
INFO:werkzeug:127.0.0.1 - - [22/May/2023 20:53:53] "GET /nodeDetails HTTP/1.1" 200 -
INFO:werkzeug:127.0.0.1 - - [22/May/2023 20:53:59] "GET /nodeDetails HTTP/1.1" 200 -
INFO:werkzeug:127.0.0.1 - - [22/May/2023 20:53:59] "GET /nodeDetails HTTP/1.1" 200 -
INFO:werkzeug:127.0.0.1 - - [22/May/2023 20:53:59] "POST /proxy HTTP/1.1" 200 -
INFO:werkzeug:127.0.0.1 - - [22/May/2023 20:53:59] "POST /announce HTTP/1.1" 200 -
INFO:werkzeug:127.0.0.1 - - [22/May/2023 20:53:59] "GET /nodeDetails HTTP/1.1" 200 -
INFO:werkzeug:127.0.0.1 - - [22/May/2023 20:54:03] "GET /nodeDetails HTTP/1.1" 200 -
INFO:werkzeug:127.0.0.1 - - [22/May/2023 20:58:10] "POST /logDetails HTTP/1.1" 200 -
INFO:werkzeug: * Running on http://127.0.0.1:5001/ (Press CTRL+C to quit)
INFO:werkzeug:127.0.0.1 - - [22/May/2023 20:58:12] "POST /logDetails HTTP/1.1" 200 -
INFO:werkzeug:127.0.0.1 - - [22/May/2023 20:58:14] "POST /logDetails HTTP/1.1" 200 -
INFO:werkzeug:127.0.0.1 - - [22/May/2023 20:58:25] "GET /nodeDetails HTTP/1.1" 200 -
INFO:werkzeug:127.0.0.1 - - [22/May/2023 20:58:26] "GET /nodeDetails HTTP/1.1" 200 -
INFO:werkzeug:127.0.0.1 - - [22/May/2023 20:58:27] "GET /nodeDetails HTTP/1.1" 200 -
INFO:werkzeug:127.0.0.1 - - [22/May/2023 20:58:27] "GET /nodeDetails HTTP/1.1" 200 -
INFO:websockets.server:server listening on 127.0.0.1:8001
INFO:werkzeug:127.0.0.1 - - [22/May/2023 20:58:28] "GET /nodeDetails HTTP/1.1" 200 -
INFO:websockets.server:connection failed (400 Bad Request)
INFO:websockets.server:connection closed
INFO:werkzeug:127.0.0.1 - - [22/May/2023 20:58:29] "GET /nodeDetails HTTP/1.1" 200 -
INFO:websockets.server:connection failed (400 Bad Request)
INFO:websockets.server:connection closed
INFO:werkzeug:127.0.0.1 - - [22/May/2023 20:58:38] "GET /nodeDetails HTTP/1.1" 200 -
INFO:werkzeug:127.0.0.1 - - [22/May/2023 20:58:39] "GET /nodeDetails HTTP/1.1" 200 -
INFO:werkzeug:127.0.0.1 - - [22/May/2023 20:58:43] "GET /nodeDetails HTTP/1.1" 200 -
INFO:websockets.server:connection failed (400 Bad Request)
INFO:websockets.server:connection closed
INFO:werkzeug:127.0.0.1 - - [22/May/2023 20:58:45] "GET /nodeDetails HTTP/1.1" 200 -
INFO:werkzeug:127.0.0.1 - - [22/May/2023 20:58:48] "GET /nodeDetails HTTP/1.1" 200 -
INFO:werkzeug:127.0.0.1 - - [22/May/2023 20:58:53] "GET /nodeDetails HTTP/1.1" 200 -
INFO:werkzeug:127.0.0.1 - - [22/May/2023 20:58:53] "GET /nodeDetails HTTP/1.1" 200 -
INFO:werkzeug:127.0.0.1 - - [22/May/2023 20:58:53] "POST /announce HTTP/1.1" 200 -
INFO:werkzeug:127.0.0.1 - - [22/May/2023 20:58:53] "GET /nodeDetails HTTP/1.1" 200 -
INFO:werkzeug:127.0.0.1 - - [22/May/2023 20:59:13] "GET /nodeDetails HTTP/1.1" 200 -
INFO:websockets.server:connection open
INFO:werkzeug:127.0.0.1 - - [22/May/2023 21:00:09] "POST /announce_found HTTP/1.1" 200 -
INFO:werkzeug:127.0.0.1 - - [22/May/2023 21:03:31] "POST /logDetails HTTP/1.1" 200 -
INFO:werkzeug: * Running on http://127.0.0.1:5001/ (Press CTRL+C to quit)
INFO:werkzeug:127.0.0.1 - - [22/May/2023 21:03:33] "POST /logDetails HTTP/1.1" 200 -
INFO:werkzeug:127.0.0.1 - - [22/May/2023 21:03:34] "POST /logDetails HTTP/1.1" 200 -
INFO:werkzeug:127.0.0.1 - - [22/May/2023 21:03:46] "GET /nodeDetails HTTP/1.1" 200 -
INFO:werkzeug:127.0.0.1 - - [22/May/2023 21:03:47] "GET /nodeDetails HTTP/1.1" 200 -
INFO:werkzeug:127.0.0.1 - - [22/May/2023 21:03:48] "GET /nodeDetails HTTP/1.1" 200 -
INFO:websockets.server:server listening on 127.0.0.1:8001
INFO:werkzeug:127.0.0.1 - - [22/May/2023 21:03:48] "GET /nodeDetails HTTP/1.1" 200 -
INFO:werkzeug:127.0.0.1 - - [22/May/2023 21:03:49] "GET /nodeDetails HTTP/1.1" 200 -
INFO:websockets.server:connection failed (400 Bad Request)
INFO:websockets.server:connection closed
INFO:werkzeug:127.0.0.1 - - [22/May/2023 21:03:49] "GET /nodeDetails HTTP/1.1" 200 -
INFO:websockets.server:connection failed (400 Bad Request)
INFO:websockets.server:connection closed
INFO:werkzeug:127.0.0.1 - - [22/May/2023 21:03:59] "GET /nodeDetails HTTP/1.1" 200 -
INFO:werkzeug:127.0.0.1 - - [22/May/2023 21:03:59] "GET /nodeDetails HTTP/1.1" 200 -
INFO:werkzeug:127.0.0.1 - - [22/May/2023 21:04:04] "GET /nodeDetails HTTP/1.1" 200 -
INFO:werkzeug:127.0.0.1 - - [22/May/2023 21:04:04] "POST /response HTTP/1.1" 200 -
INFO:werkzeug:127.0.0.1 - - [22/May/2023 21:04:04] "POST /proxy HTTP/1.1" 200 -
INFO:werkzeug:127.0.0.1 - - [22/May/2023 21:04:04] "GET /nodeDetails HTTP/1.1" 200 -
INFO:werkzeug:127.0.0.1 - - [22/May/2023 21:04:08] "GET /nodeDetails HTTP/1.1" 200 -
INFO:werkzeug:127.0.0.1 - - [22/May/2023 21:04:14] "POST /announce HTTP/1.1" 200 -
INFO:werkzeug:127.0.0.1 - - [22/May/2023 21:04:14] "GET /nodeDetails HTTP/1.1" 200 -
INFO:werkzeug:127.0.0.1 - - [22/May/2023 21:04:34] "GET /nodeDetails HTTP/1.1" 200 -
INFO:werkzeug:127.0.0.1 - - [22/May/2023 21:07:25] "POST /logDetails HTTP/1.1" 200 -
INFO:werkzeug: * Running on http://127.0.0.1:5001/ (Press CTRL+C to quit)
INFO:werkzeug:127.0.0.1 - - [22/May/2023 21:07:27] "POST /logDetails HTTP/1.1" 200 -
INFO:werkzeug:127.0.0.1 - - [22/May/2023 21:07:28] "POST /logDetails HTTP/1.1" 200 -
INFO:werkzeug:127.0.0.1 - - [22/May/2023 21:07:40] "GET /nodeDetails HTTP/1.1" 200 -
INFO:werkzeug:127.0.0.1 - - [22/May/2023 21:07:41] "GET /nodeDetails HTTP/1.1" 200 -
INFO:werkzeug:127.0.0.1 - - [22/May/2023 21:07:42] "GET /nodeDetails HTTP/1.1" 200 -
INFO:werkzeug:127.0.0.1 - - [22/May/2023 21:07:42] "GET /nodeDetails HTTP/1.1" 200 -
INFO:websockets.server:server listening on 127.0.0.1:8001
INFO:werkzeug:127.0.0.1 - - [22/May/2023 21:07:43] "GET /nodeDetails HTTP/1.1" 200 -
INFO:websockets.server:connection failed (400 Bad Request)
INFO:websockets.server:connection closed
INFO:werkzeug:127.0.0.1 - - [22/May/2023 21:07:43] "GET /nodeDetails HTTP/1.1" 200 -
INFO:websockets.server:connection failed (400 Bad Request)
INFO:websockets.server:connection closed
INFO:werkzeug:127.0.0.1 - - [22/May/2023 21:07:53] "GET /nodeDetails HTTP/1.1" 200 -
INFO:werkzeug:127.0.0.1 - - [22/May/2023 21:07:53] "GET /nodeDetails HTTP/1.1" 200 -
INFO:werkzeug:127.0.0.1 - - [22/May/2023 21:07:59] "GET /nodeDetails HTTP/1.1" 200 -
INFO:werkzeug:127.0.0.1 - - [22/May/2023 21:07:59] "POST /announce HTTP/1.1" 200 -
INFO:werkzeug:127.0.0.1 - - [22/May/2023 21:07:59] "GET /nodeDetails HTTP/1.1" 200 -
INFO:werkzeug:127.0.0.1 - - [22/May/2023 21:08:04] "GET /nodeDetails HTTP/1.1" 200 -
INFO:websockets.server:connection failed (400 Bad Request)
INFO:websockets.server:connection closed
INFO:werkzeug:127.0.0.1 - - [22/May/2023 21:08:04] "GET /nodeDetails HTTP/1.1" 200 -
INFO:websockets.server:connection failed (400 Bad Request)
INFO:websockets.server:connection closed
INFO:werkzeug:127.0.0.1 - - [22/May/2023 21:08:06] "GET /nodeDetails HTTP/1.1" 200 -
INFO:werkzeug:127.0.0.1 - - [22/May/2023 21:08:14] "GET /nodeDetails HTTP/1.1" 200 -
INFO:werkzeug:127.0.0.1 - - [22/May/2023 21:08:14] "GET /nodeDetails HTTP/1.1" 200 -
INFO:werkzeug:127.0.0.1 - - [22/May/2023 21:08:14] "GET /nodeDetails HTTP/1.1" 200 -
INFO:werkzeug:127.0.0.1 - - [22/May/2023 21:08:14] "GET /nodeDetails HTTP/1.1" 200 -
INFO:werkzeug:127.0.0.1 - - [22/May/2023 21:08:14] "POST /announce HTTP/1.1" 200 -
INFO:werkzeug:127.0.0.1 - - [22/May/2023 21:08:14] "GET /nodeDetails HTTP/1.1" 200 -
INFO:werkzeug:127.0.0.1 - - [22/May/2023 21:08:19] "GET /nodeDetails HTTP/1.1" 200 -
INFO:websockets.server:connection open
INFO:werkzeug:127.0.0.1 - - [22/May/2023 21:08:34] "GET /nodeDetails HTTP/1.1" 200 -
